# JRE version: Java(TM) SE Runtime Environment (19.0.1+10) (build 19.0.1+10-21)
# Java VM: Java HotSpot(TM) 64-Bit Server VM (19.0.1+10-21, mixed mode, sharing, tiered, compressed oops, compressed class ptrs, g1 gc, windows-amd64)
GC Precious Log:
 CardTable entry size: 512
 Card Set container configuration: InlinePtr #cards 4 size 8 Array Of Cards #cards 16 size 48 Howl #buckets 8 coarsen threshold 3686 Howl Bitmap #cards 512 size 80 coarsen threshold 460 Card regions per heap region 1 cards per card region 4096
 CPUs: 8 total, 8 available
 Memory: 14283M
 Large Page Support: Disabled
 NUMA Support: Disabled
 Compressed Oops: Enabled (Zero based)
 Heap Region Size: 2M
 Heap Min Capacity: 8M
 Heap Initial Capacity: 8M
 Heap Max Capacity: 3572M
 Pre-touch: Disabled
 Parallel Workers: 8
 Concurrent Workers: 2
 Concurrent Refinement Workers: 8
 Periodic GC: Disabled
Heap:
 garbage-first heap   total 24576K, used 9682K [0x0000000720c00000, 0x0000000800000000)
  region size 2048K, 3 young (6144K), 1 survivors (2048K)
 Metaspace       used 9498K, committed 9728K, reserved 1114112K
  class space    used 1023K, committed 1152K, reserved 1048576K
GC Heap History (20 events):
Event: 0.404 GC heap before
{Heap before GC invocations=2 (full 0):
 garbage-first heap   total 8192K, used 3913K [0x0000000720c00000, 0x0000000800000000)
  region size 2048K, 2 young (4096K), 1 survivors (2048K)
 Metaspace       used 7738K, committed 7872K, reserved 1114112K
  class space    used 856K, committed 896K, reserved 1048576K
}
Event: 0.407 GC heap after
{Heap after GC invocations=3 (full 0):
 garbage-first heap   total 8192K, used 2634K [0x0000000720c00000, 0x0000000800000000)
  region size 2048K, 1 young (2048K), 1 survivors (2048K)
 Metaspace       used 7738K, committed 7872K, reserved 1114112K
  class space    used 856K, committed 896K, reserved 1048576K
}
Event: 0.450 GC heap before
{Heap before GC invocations=3 (full 0):
 garbage-first heap   total 8192K, used 4682K [0x0000000720c00000, 0x0000000800000000)
  region size 2048K, 2 young (4096K), 1 survivors (2048K)
 Metaspace       used 8062K, committed 8256K, reserved 1114112K
  class space    used 896K, committed 1024K, reserved 1048576K
}
Event: 0.452 GC heap after
{Heap after GC invocations=4 (full 0):
 garbage-first heap   total 8192K, used 2885K [0x0000000720c00000, 0x0000000800000000)
  region size 2048K, 1 young (2048K), 1 survivors (2048K)
 Metaspace       used 8062K, committed 8256K, reserved 1114112K
  class space    used 896K, committed 1024K, reserved 1048576K
}
Event: 0.471 GC heap before
{Heap before GC invocations=4 (full 0):
 garbage-first heap   total 8192K, used 4933K [0x0000000720c00000, 0x0000000800000000)
  region size 2048K, 2 young (4096K), 1 survivors (2048K)
 Metaspace       used 8126K, committed 8320K, reserved 1114112K
  class space    used 897K, committed 1024K, reserved 1048576K
}
Event: 0.473 GC heap after
{Heap after GC invocations=5 (full 0):
 garbage-first heap   total 12288K, used 3269K [0x0000000720c00000, 0x0000000800000000)
  region size 2048K, 1 young (2048K), 1 survivors (2048K)
 Metaspace       used 8126K, committed 8320K, reserved 1114112K
  class space    used 897K, committed 1024K, reserved 1048576K
}
Event: 0.488 GC heap before
{Heap before GC invocations=5 (full 0):
 garbage-first heap   total 12288K, used 5317K [0x0000000720c00000, 0x0000000800000000)
  region size 2048K, 2 young (4096K), 1 survivors (2048K)
 Metaspace       used 8196K, committed 8384K, reserved 1114112K
  class space    used 907K, committed 1024K, reserved 1048576K
}
Event: 0.490 GC heap after
{Heap after GC invocations=6 (full 0):
 garbage-first heap   total 12288K, used 3478K [0x0000000720c00000, 0x0000000800000000)
  region size 2048K, 1 young (2048K), 1 survivors (2048K)
 Metaspace       used 8196K, committed 8384K, reserved 1114112K
  class space    used 907K, committed 1024K, reserved 1048576K
}
Event: 0.498 GC heap before
{Heap before GC invocations=6 (full 0):
 garbage-first heap   total 12288K, used 5526K [0x0000000720c00000, 0x0000000800000000)
  region size 2048K, 2 young (4096K), 1 survivors (2048K)
 Metaspace       used 8226K, committed 8448K, reserved 1114112K
  class space    used 911K, committed 1024K, reserved 1048576K
}
Event: 0.499 GC heap after
{Heap after GC invocations=7 (full 0):
 garbage-first heap   total 12288K, used 3741K [0x0000000720c00000, 0x0000000800000000)
  region size 2048K, 1 young (2048K), 1 survivors (2048K)
 Metaspace       used 8226K, committed 8448K, reserved 1114112K
  class space    used 911K, committed 1024K, reserved 1048576K
}
Event: 0.524 GC heap before
{Heap before GC invocations=7 (full 0):
 garbage-first heap   total 12288K, used 5789K [0x0000000720c00000, 0x0000000800000000)
  region size 2048K, 2 young (4096K), 1 survivors (2048K)
 Metaspace       used 8334K, committed 8512K, reserved 1114112K
  class space    used 921K, committed 1024K, reserved 1048576K
}
Event: 0.527 GC heap after
{Heap after GC invocations=8 (full 0):
 garbage-first heap   total 12288K, used 4158K [0x0000000720c00000, 0x0000000800000000)
  region size 2048K, 1 young (2048K), 1 survivors (2048K)
 Metaspace       used 8334K, committed 8512K, reserved 1114112K
  class space    used 921K, committed 1024K, reserved 1048576K
}
Event: 0.550 GC heap before
{Heap before GC invocations=8 (full 0):
 garbage-first heap   total 12288K, used 6206K [0x0000000720c00000, 0x0000000800000000)
  region size 2048K, 2 young (4096K), 1 survivors (2048K)
 Metaspace       used 8415K, committed 8576K, reserved 1114112K
  class space    used 928K, committed 1024K, reserved 1048576K
}
Event: 0.554 GC heap after
{Heap after GC invocations=9 (full 0):
 garbage-first heap   total 24576K, used 4523K [0x0000000720c00000, 0x0000000800000000)
  region size 2048K, 1 young (2048K), 1 survivors (2048K)
 Metaspace       used 8415K, committed 8576K, reserved 1114112K
  class space    used 928K, committed 1024K, reserved 1048576K
}
Event: 0.643 GC heap before
{Heap before GC invocations=9 (full 0):
 garbage-first heap   total 24576K, used 12715K [0x0000000720c00000, 0x0000000800000000)
  region size 2048K, 5 young (10240K), 1 survivors (2048K)
 Metaspace       used 8795K, committed 9024K, reserved 1114112K
  class space    used 969K, committed 1088K, reserved 1048576K
}
Event: 0.648 GC heap after
{Heap after GC invocations=10 (full 0):
 garbage-first heap   total 24576K, used 6236K [0x0000000720c00000, 0x0000000800000000)
  region size 2048K, 1 young (2048K), 1 survivors (2048K)
 Metaspace       used 8795K, committed 9024K, reserved 1114112K
  class space    used 969K, committed 1088K, reserved 1048576K
}
Event: 0.716 GC heap before
{Heap before GC invocations=10 (full 0):
 garbage-first heap   total 24576K, used 10332K [0x0000000720c00000, 0x0000000800000000)
  region size 2048K, 3 young (6144K), 1 survivors (2048K)
 Metaspace       used 9050K, committed 9216K, reserved 1114112K
  class space    used 993K, committed 1088K, reserved 1048576K
}
Event: 0.720 GC heap after
{Heap after GC invocations=11 (full 0):
 garbage-first heap   total 24576K, used 7329K [0x0000000720c00000, 0x0000000800000000)
  region size 2048K, 1 young (2048K), 1 survivors (2048K)
 Metaspace       used 9050K, committed 9216K, reserved 1114112K
  class space    used 993K, committed 1088K, reserved 1048576K
}
Event: 0.796 GC heap before
{Heap before GC invocations=11 (full 0):
 garbage-first heap   total 24576K, used 11425K [0x0000000720c00000, 0x0000000800000000)
  region size 2048K, 3 young (6144K), 1 survivors (2048K)
 Metaspace       used 9223K, committed 9408K, reserved 1114112K
  class space    used 998K, committed 1088K, reserved 1048576K
}
Event: 0.798 GC heap after
{Heap after GC invocations=12 (full 0):
 garbage-first heap   total 24576K, used 7634K [0x0000000720c00000, 0x0000000800000000)
  region size 2048K, 1 young (2048K), 1 survivors (2048K)
 Metaspace       used 9223K, committed 9408K, reserved 1114112K
  class space    used 998K, committed 1088K, reserved 1048576K
}

